<?xml version="1.0" encoding="UTF-8"?>
<!-- Generated by org.testng.reporters.JUnitReportReporter -->
<testsuite hostname="Prakash" failures="0" tests="1" name="ReportedByUser.Reported_by" time="140.300" errors="0" timestamp="2023-10-11T17:19:18 IST" skipped="0">
  <testcase classname="ReportedByUser.Reported_by" name="ReportedByUser_flow" time="140.300"/>
  <system-out/>
</testsuite> <!-- ReportedByUser.Reported_by -->
