<?xml version="1.0" encoding="UTF-8"?>
<!-- Generated by org.testng.reporters.JUnitReportReporter -->
<testsuite hostname="Prakash" failures="0" tests="1" name="FleetAndTech_Checklist.FC_TC_TechAccept_Enroute_MarkAsRepaired_Complete" time="88.667" errors="0" timestamp="2023-02-01T18:19:07 IST" skipped="0">
  <testcase classname="FleetAndTech_Checklist.FC_TC_TechAccept_Enroute_MarkAsRepaired_Complete" name="PLT_in_EventDetailsPage" time="88.667"/>
  <system-out/>
</testsuite> <!-- FleetAndTech_Checklist.FC_TC_TechAccept_Enroute_MarkAsRepaired_Complete -->
