<?xml version="1.0" encoding="UTF-8"?>
<!-- Generated by org.testng.reporters.JUnitReportReporter -->
<testsuite hostname="Prakash" failures="0" tests="5" name="org.aapium.EndToEnd_SE_Flow" time="206.855" errors="1" timestamp="2023-10-13T12:15:13 IST" skipped="2">
  <testcase classname="org.aapium.EndToEnd_SE_Flow" name="SP_Tech_Flow" time="38.551">
    <error message="An element could not be located on the page using the given search parameters.
For documentation on this error, please visit: https://selenium.dev/exceptions/#no_such_element
Build info: version: &#039;4.3.0&#039;, revision: &#039;a4995e2c09*&#039;
System info: host: &#039;PRAKASH&#039;, ip: &#039;172.16.16.100&#039;, os.name: &#039;Windows 11&#039;, os.arch: &#039;amd64&#039;, os.version: &#039;10.0&#039;, java.version: &#039;11.0.17&#039;
Driver info: io.appium.java_client.android.AndroidDriver
Command: [aef84806-6132-439d-81fb-a3344c2a7f95, findElement {using=-android uiautomator, value=new UiScrollable(new UiSelector()).scrollIntoView(text(&quot;Add&quot;));}]
Capabilities {appium:app: C:\Users\91934\eclipse-work..., appium:appPackage: com.reach, appium:automationName: UIAutomator2, appium:databaseEnabled: false, appium:desired: {app: C:\Users\91934\eclipse-work..., automationName: UIAutomator2, deviceName: Android Emulator, platformName: android}, appium:deviceApiLevel: 30, appium:deviceManufacturer: unknown, appium:deviceModel: Android SDK built for x86, appium:deviceName: emulator-5554, appium:deviceScreenDensity: 560, appium:deviceScreenSize: 1440x2880, appium:deviceUDID: emulator-5554, appium:javascriptEnabled: true, appium:locationContextEnabled: false, appium:networkConnectionEnabled: true, appium:pixelRatio: 3.5, appium:platformVersion: 11, appium:statBarHeight: 84, appium:takesScreenshot: true, appium:viewportRect: {height: 2628, left: 0, top: 84, width: 1440}, appium:warnings: {}, appium:webStorageEnabled: false, platformName: ANDROID}
Session ID: aef84806-6132-439d-81fb-a3344c2a7f95" type="org.openqa.selenium.NoSuchElementException">
      <![CDATA[org.openqa.selenium.NoSuchElementException: An element could not be located on the page using the given search parameters.
For documentation on this error, please visit: https://selenium.dev/exceptions/#no_such_element
Build info: version: '4.3.0', revision: 'a4995e2c09*'
System info: host: 'PRAKASH', ip: '172.16.16.100', os.name: 'Windows 11', os.arch: 'amd64', os.version: '10.0', java.version: '11.0.17'
Driver info: io.appium.java_client.android.AndroidDriver
Command: [aef84806-6132-439d-81fb-a3344c2a7f95, findElement {using=-android uiautomator, value=new UiScrollable(new UiSelector()).scrollIntoView(text("Add"));}]
Capabilities {appium:app: C:\Users\91934\eclipse-work..., appium:appPackage: com.reach, appium:automationName: UIAutomator2, appium:databaseEnabled: false, appium:desired: {app: C:\Users\91934\eclipse-work..., automationName: UIAutomator2, deviceName: Android Emulator, platformName: android}, appium:deviceApiLevel: 30, appium:deviceManufacturer: unknown, appium:deviceModel: Android SDK built for x86, appium:deviceName: emulator-5554, appium:deviceScreenDensity: 560, appium:deviceScreenSize: 1440x2880, appium:deviceUDID: emulator-5554, appium:javascriptEnabled: true, appium:locationContextEnabled: false, appium:networkConnectionEnabled: true, appium:pixelRatio: 3.5, appium:platformVersion: 11, appium:statBarHeight: 84, appium:takesScreenshot: true, appium:viewportRect: {height: 2628, left: 0, top: 84, width: 1440}, appium:warnings: {}, appium:webStorageEnabled: false, platformName: ANDROID}
Session ID: aef84806-6132-439d-81fb-a3344c2a7f95
at org.openqa.selenium.remote.codec.w3c.W3CHttpResponseCodec.createException(W3CHttpResponseCodec.java:200)
at org.openqa.selenium.remote.codec.w3c.W3CHttpResponseCodec.decode(W3CHttpResponseCodec.java:133)
at org.openqa.selenium.remote.codec.w3c.W3CHttpResponseCodec.decode(W3CHttpResponseCodec.java:53)
at org.openqa.selenium.remote.HttpCommandExecutor.execute(HttpCommandExecutor.java:184)
at io.appium.java_client.remote.AppiumCommandExecutor.execute(AppiumCommandExecutor.java:180)
at org.openqa.selenium.remote.RemoteWebDriver.execute(RemoteWebDriver.java:569)
at org.openqa.selenium.remote.ElementLocation$ElementFinder$2.findElement(ElementLocation.java:162)
at org.openqa.selenium.remote.ElementLocation.findElement(ElementLocation.java:60)
at org.openqa.selenium.remote.RemoteWebDriver.findElement(RemoteWebDriver.java:387)
at org.openqa.selenium.remote.RemoteWebDriver.findElement(RemoteWebDriver.java:379)
at org.appium.pageobjct.android.TechnicianActions.SelectServiceLine(TechnicianActions.java:255)
at org.aapium.EndToEnd_SE_Flow.SP_Tech_Flow(EndToEnd_SE_Flow.java:204)
]]>
    </error>
  </testcase> <!-- SP_Tech_Flow -->
  <system-out/>
  <testcase classname="org.aapium.EndToEnd_SE_Flow" name="TD_Admin_Approve_Flow" time="0.000">
    <skipped/>
  </testcase> <!-- TD_Admin_Approve_Flow -->
  <system-out/>
  <testcase classname="org.aapium.EndToEnd_SE_Flow" name="TDflow" time="142.840"/>
  <system-out/>
  <testcase classname="org.aapium.EndToEnd_SE_Flow" name="SP_Admin_Complete_Flow" time="0.008">
    <skipped/>
  </testcase> <!-- SP_Admin_Complete_Flow -->
  <system-out/>
  <testcase classname="org.aapium.EndToEnd_SE_Flow" name="SC_Admin_flow" time="25.456"/>
  <system-out/>
</testsuite> <!-- org.aapium.EndToEnd_SE_Flow -->
