<?xml version="1.0" encoding="UTF-8"?>
<!-- Generated by org.testng.reporters.JUnitReportReporter -->
<testsuite hostname="Prakash" failures="0" tests="1" name="Walkin_Fleet.Edit_SE_With_WailkinFleet" time="54.424" errors="1" timestamp="2023-06-30T11:40:20 IST" skipped="0">
  <testcase classname="Walkin_Fleet.Edit_SE_With_WailkinFleet" name="Edit_walkinfleet" time="54.424">
    <error message="An element could not be located on the page using the given search parameters.
For documentation on this error, please visit: https://selenium.dev/exceptions/#no_such_element
Build info: version: &#039;4.3.0&#039;, revision: &#039;a4995e2c09*&#039;
System info: host: &#039;PRAKASH&#039;, ip: &#039;192.168.1.100&#039;, os.name: &#039;Windows 11&#039;, os.arch: &#039;amd64&#039;, os.version: &#039;10.0&#039;, java.version: &#039;11.0.17&#039;
Driver info: io.appium.java_client.android.AndroidDriver
Command: [b2ce71b0-1618-45ba-8dc2-5dbdc74c4ff7, findElement {using=xpath, value=//android.widget.Button[@text=&#039;OK&#039;]}]
Capabilities {appium:app: C:\Users\91934\eclipse-work..., appium:appPackage: com.reach, appium:automationName: UIAutomator2, appium:databaseEnabled: false, appium:desired: {app: C:\Users\91934\eclipse-work..., automationName: UIAutomator2, deviceName: Android emulator, platformName: android}, appium:deviceApiLevel: 30, appium:deviceManufacturer: unknown, appium:deviceModel: Android SDK built for x86, appium:deviceName: emulator-5554, appium:deviceScreenDensity: 560, appium:deviceScreenSize: 1440x2880, appium:deviceUDID: emulator-5554, appium:javascriptEnabled: true, appium:locationContextEnabled: false, appium:networkConnectionEnabled: true, appium:pixelRatio: 3.5, appium:platformVersion: 11, appium:statBarHeight: 84, appium:takesScreenshot: true, appium:viewportRect: {height: 2628, left: 0, top: 84, width: 1440}, appium:warnings: {}, appium:webStorageEnabled: false, platformName: ANDROID}
Session ID: b2ce71b0-1618-45ba-8dc2-5dbdc74c4ff7" type="org.openqa.selenium.NoSuchElementException">
      <![CDATA[org.openqa.selenium.NoSuchElementException: An element could not be located on the page using the given search parameters.
For documentation on this error, please visit: https://selenium.dev/exceptions/#no_such_element
Build info: version: '4.3.0', revision: 'a4995e2c09*'
System info: host: 'PRAKASH', ip: '192.168.1.100', os.name: 'Windows 11', os.arch: 'amd64', os.version: '10.0', java.version: '11.0.17'
Driver info: io.appium.java_client.android.AndroidDriver
Command: [b2ce71b0-1618-45ba-8dc2-5dbdc74c4ff7, findElement {using=xpath, value=//android.widget.Button[@text='OK']}]
Capabilities {appium:app: C:\Users\91934\eclipse-work..., appium:appPackage: com.reach, appium:automationName: UIAutomator2, appium:databaseEnabled: false, appium:desired: {app: C:\Users\91934\eclipse-work..., automationName: UIAutomator2, deviceName: Android emulator, platformName: android}, appium:deviceApiLevel: 30, appium:deviceManufacturer: unknown, appium:deviceModel: Android SDK built for x86, appium:deviceName: emulator-5554, appium:deviceScreenDensity: 560, appium:deviceScreenSize: 1440x2880, appium:deviceUDID: emulator-5554, appium:javascriptEnabled: true, appium:locationContextEnabled: false, appium:networkConnectionEnabled: true, appium:pixelRatio: 3.5, appium:platformVersion: 11, appium:statBarHeight: 84, appium:takesScreenshot: true, appium:viewportRect: {height: 2628, left: 0, top: 84, width: 1440}, appium:warnings: {}, appium:webStorageEnabled: false, platformName: ANDROID}
Session ID: b2ce71b0-1618-45ba-8dc2-5dbdc74c4ff7
at org.openqa.selenium.remote.codec.w3c.W3CHttpResponseCodec.createException(W3CHttpResponseCodec.java:200)
at org.openqa.selenium.remote.codec.w3c.W3CHttpResponseCodec.decode(W3CHttpResponseCodec.java:133)
at org.openqa.selenium.remote.codec.w3c.W3CHttpResponseCodec.decode(W3CHttpResponseCodec.java:53)
at org.openqa.selenium.remote.HttpCommandExecutor.execute(HttpCommandExecutor.java:184)
at io.appium.java_client.remote.AppiumCommandExecutor.execute(AppiumCommandExecutor.java:180)
at org.openqa.selenium.remote.RemoteWebDriver.execute(RemoteWebDriver.java:569)
at org.openqa.selenium.remote.ElementLocation$ElementFinder$2.findElement(ElementLocation.java:162)
at org.openqa.selenium.remote.ElementLocation.findElement(ElementLocation.java:60)
at org.openqa.selenium.remote.RemoteWebDriver.findElement(RemoteWebDriver.java:387)
at org.openqa.selenium.remote.RemoteWebDriver.findElement(RemoteWebDriver.java:379)
at org.appium.pageobjct.android.walkin_fleet.SE_Edit_WalkinFleet.Select_ETA(SE_Edit_WalkinFleet.java:139)
at Walkin_Fleet.Edit_SE_With_WailkinFleet.Edit_walkinfleet(Edit_SE_With_WailkinFleet.java:79)
]]>
    </error>
  </testcase> <!-- Edit_walkinfleet -->
  <system-out/>
</testsuite> <!-- Walkin_Fleet.Edit_SE_With_WailkinFleet -->
