<?xml version="1.0" encoding="UTF-8"?>
<!-- Generated by org.testng.reporters.JUnitReportReporter -->
<testsuite hostname="Prakash" failures="0" tests="1" name="org.aapium.SP_AdminAssignActions" time="37.134" errors="0" timestamp="2023-06-16T09:52:29 IST" skipped="0">
  <testcase classname="org.aapium.SP_AdminAssignActions" name="SPAdminFlow" time="37.134"/>
  <system-out/>
</testsuite> <!-- org.aapium.SP_AdminAssignActions -->
