<?xml version="1.0" encoding="UTF-8"?>
<!-- Generated by org.testng.reporters.JUnitReportReporter -->
<testsuite hostname="Prakash" failures="0" tests="1" name="org.aapium.TDActions" time="126.904" errors="0" timestamp="2023-09-27T18:01:12 IST" skipped="0">
  <testcase classname="org.aapium.TDActions" name="TDflow" time="126.904"/>
  <system-out/>
</testsuite> <!-- org.aapium.TDActions -->
