<?xml version="1.0" encoding="UTF-8"?>
<!-- Generated by org.testng.reporters.JUnitReportReporter -->
<testsuite hostname="Prakash" failures="0" tests="1" name="org.aapium.LoginAndLandToHomeScreen" time="32.272" errors="0" timestamp="2022-11-13T12:19:00 IST" skipped="0">
  <testcase classname="org.aapium.LoginAndLandToHomeScreen" name="login" time="32.272"/>
  <system-out/>
</testsuite> <!-- org.aapium.LoginAndLandToHomeScreen -->
