<?xml version="1.0" encoding="UTF-8"?>
<!-- Generated by org.testng.reporters.JUnitReportReporter -->
<testsuite hostname="Prakash" failures="0" tests="1" name="clone.CloneServcieEventFromTD" time="158.156" errors="0" timestamp="2023-01-02T18:02:02 IST" skipped="0">
  <testcase classname="clone.CloneServcieEventFromTD" name="TDflow" time="158.156"/>
  <system-out/>
</testsuite> <!-- clone.CloneServcieEventFromTD -->
