<?xml version="1.0" encoding="UTF-8"?>
<!-- Generated by org.testng.reporters.JUnitReportReporter -->
<testsuite hostname="Prakash" failures="0" tests="1" name="org.aapium.SP_AdminActions" time="26.752" errors="0" timestamp="2022-12-19T12:17:39 IST" skipped="0">
  <testcase classname="org.aapium.SP_AdminActions" name="SPAdminFlow" time="26.752"/>
  <system-out/>
</testsuite> <!-- org.aapium.SP_AdminActions -->
