<?xml version="1.0" encoding="UTF-8"?>
<!-- Generated by org.testng.reporters.JUnitReportReporter -->
<testsuite hostname="Prakash" failures="0" tests="1" name="Walkin_Fleet.CreateSEWith_WailkinFleet" time="63.720" errors="0" timestamp="2023-06-30T11:40:20 IST" skipped="0">
  <testcase classname="Walkin_Fleet.CreateSEWith_WailkinFleet" name="Event_Creation_with_walkinfleet" time="63.720"/>
  <system-out/>
</testsuite> <!-- Walkin_Fleet.CreateSEWith_WailkinFleet -->
