<?xml version="1.0" encoding="UTF-8"?>
<!-- Generated by org.testng.reporters.JUnitReportReporter -->
<testsuite hostname="Prakash" failures="0" tests="5" name="org.aapium.EndToEnd_SE_Flow" time="306.759" errors="0" timestamp="2023-10-10T17:08:26 IST" skipped="0">
  <testcase classname="org.aapium.EndToEnd_SE_Flow" name="TDflow" time="129.946"/>
  <system-out/>
  <testcase classname="org.aapium.EndToEnd_SE_Flow" name="SC_Admin_flow" time="22.983"/>
  <system-out/>
  <testcase classname="org.aapium.EndToEnd_SE_Flow" name="SP_Tech_Flow" time="112.775"/>
  <system-out/>
  <testcase classname="org.aapium.EndToEnd_SE_Flow" name="SP_Admin_Complete_Flow" time="26.445"/>
  <system-out/>
  <testcase classname="org.aapium.EndToEnd_SE_Flow" name="TD_Admin_Approve_Flow" time="14.610"/>
  <system-out/>
</testsuite> <!-- org.aapium.EndToEnd_SE_Flow -->
