<?xml version="1.0" encoding="UTF-8"?>
<!-- Generated by org.testng.reporters.JUnitReportReporter -->
<testsuite hostname="Prakash" failures="0" tests="5" name="org.aapium.EndToEnd_SE_Flow" time="302.991" errors="0" timestamp="2023-06-23T13:18:05 IST" skipped="0">
  <testcase classname="org.aapium.EndToEnd_SE_Flow" name="SC_Admin_flow" time="23.004"/>
  <system-out/>
  <testcase classname="org.aapium.EndToEnd_SE_Flow" name="SP_Tech_Flow" time="117.257"/>
  <system-out/>
  <testcase classname="org.aapium.EndToEnd_SE_Flow" name="TD_Admin_Approve_Flow" time="15.373"/>
  <system-out/>
  <testcase classname="org.aapium.EndToEnd_SE_Flow" name="SP_Admin_Complete_Flow" time="25.606"/>
  <system-out/>
  <testcase classname="org.aapium.EndToEnd_SE_Flow" name="TDflow" time="121.751"/>
  <system-out/>
</testsuite> <!-- org.aapium.EndToEnd_SE_Flow -->
