<?xml version="1.0" encoding="UTF-8"?>
<!-- Generated by org.testng.reporters.JUnitReportReporter -->
<testsuite hostname="Prakash" failures="0" tests="1" name="PLT.Add_PLT_From_EventDetailsPage" time="142.846" errors="0" timestamp="2023-07-03T18:59:04 IST" skipped="0">
  <testcase classname="PLT.Add_PLT_From_EventDetailsPage" name="PLT_in_EventDetailsPage" time="142.846"/>
  <system-out/>
</testsuite> <!-- PLT.Add_PLT_From_EventDetailsPage -->
