<?xml version="1.0" encoding="UTF-8"?>
<!-- Generated by org.testng.reporters.JUnitReportReporter -->
<testsuite hostname="Prakash" failures="0" tests="1" name="org.aapium.ReportedByUser" time="129.358" errors="0" timestamp="2023-01-06T17:03:49 IST" skipped="0">
  <testcase classname="org.aapium.ReportedByUser" name="TDflow" time="129.358"/>
  <system-out/>
</testsuite> <!-- org.aapium.ReportedByUser -->
