<?xml version="1.0" encoding="UTF-8"?>
<!-- Generated by org.testng.reporters.JUnitReportReporter -->
<testsuite hostname="Prakash" failures="0" tests="1" name="org.aapium.SP_AdminCompleteActions" time="23.017" errors="0" timestamp="2023-01-08T16:58:08 IST" skipped="0">
  <testcase classname="org.aapium.SP_AdminCompleteActions" name="SPAdminFlow" time="23.017"/>
  <system-out/>
</testsuite> <!-- org.aapium.SP_AdminCompleteActions -->
